<?xml version="1.0" encoding="UTF-8"?>
<!-- Generated by org.testng.reporters.JUnitXMLReporter -->
<testsuite ignored="0" hostname="DESKTOP-S1LAF8U" failures="0" tests="2" name="Default test" time="20.138" errors="0" timestamp="2024-04-17T17:24:50 IST">
  <testcase classname="POMUsingTestScripts.UserOpeningAccount" name="mavenm1" time="5.946"/>
  <testcase classname="POMUsingTestScripts.UserOpeningAccount" name="userAccountApprovalStaffPOMTest" time="9.331"/>
</testsuite> <!-- Default test -->
